<?xml version="1.0" encoding="UTF-8"?>
<testsuite xmlns:xsi="http://www.w3.org/2001/XMLSchema-instance" xsi:noNamespaceSchemaLocation="https://maven.apache.org/surefire/maven-surefire-plugin/xsd/surefire-test-report-3.0.xsd" version="3.0" name="com.example.RabbitMQRestProducer.RabbitMQRestProducerApplicationTests" time="3.634" tests="1" errors="0" skipped="0" failures="0">
  <properties>
[...]
</properties>
  <testcase name="contextLoads" classname="com.example.RabbitMQRestProducer.RabbitMQRestProducerApplicationTests" time="0.861">
    <system-out><![CDATA[17:18:24.971 [main] INFO org.springframework.test.context.support.AnnotationConfigContextLoaderUtils -- Could not detect default configuration classes for test class [com.example.RabbitMQRestProducer.RabbitMQRestProducerApplicationTests]: RabbitMQRestProducerApplicationTests does not declare any static, non-private, non-final, nested classes annotated with @Configuration.
17:18:25.082 [main] INFO org.springframework.boot.test.context.SpringBootTestContextBootstrapper -- Found @SpringBootConfiguration com.example.RabbitMQRestProducer.RabbitMQRestProducerApplication for test class com.example.RabbitMQRestProducer.RabbitMQRestProducerApplicationTests

  .   ____          _            __ _ _
 /\\ / ___'_ __ _ _(_)_ __  __ _ \ \ \ \
( ( )\___ | '_ | '_| | '_ \/ _` | \ \ \ \
 \\/  ___)| |_)| | | | | || (_| |  ) ) ) )
  '  |____| .__|_| |_|_| |_\__, | / / / /
 =========|_|==============|___/=/_/_/_/
 :: Spring Boot ::                (v3.2.4)

2024-04-17T17:18:25.471-04:00  INFO 20291 --- [r2] [           main] e.R.RabbitMQRestProducerApplicationTests : Starting RabbitMQRestProducerApplicationTests using Java 21.0.2 with PID 20291 (started by thomasfynes in /Users/thomasfynes/Downloads/TapKorifiDemos/RabbitMQ/RabbitMQRestProducer)
2024-04-17T17:18:25.472-04:00  INFO 20291 --- [r2] [           main] e.R.RabbitMQRestProducerApplicationTests : No active profile set, falling back to 1 default profile: "default"
2024-04-17T17:18:27.295-04:00  INFO 20291 --- [r2] [           main] o.s.b.a.e.web.EndpointLinksResolver      : Exposing 1 endpoint(s) beneath base path '/actuator'
2024-04-17T17:18:27.388-04:00  INFO 20291 --- [r2] [           main] o.s.a.r.c.CachingConnectionFactory       : Attempting to connect to: [localhost:5672]
2024-04-17T17:18:27.460-04:00  INFO 20291 --- [r2] [           main] o.s.a.r.c.CachingConnectionFactory       : Created new connection: rabbitConnectionFactory#5438c17a:0/SimpleConnection@4c04216f [delegate=amqp://guest@127.0.0.1:5672/, localPort=50768]
2024-04-17T17:18:27.514-04:00  INFO 20291 --- [r2] [ntContainer#0-1] c.e.R.RabbitMQConsumer                   : Received message  -> bardemo
2024-04-17T17:18:27.517-04:00  INFO 20291 --- [r2] [           main] e.R.RabbitMQRestProducerApplicationTests : Started RabbitMQRestProducerApplicationTests in 2.266 seconds (process running for 3.144)
2024-04-17T17:18:27.523-04:00  INFO 20291 --- [r2] [ntContainer#0-1] c.e.R.RabbitMQConsumer                   : Received message  -> bardemo
]]></system-out>
    <system-err><![CDATA[WARNING: A Java agent has been loaded dynamically (/Users/thomasfynes/.m2/repository/net/bytebuddy/byte-buddy-agent/1.14.12/byte-buddy-agent-1.14.12.jar)
WARNING: If a serviceability tool is in use, please run with -XX:+EnableDynamicAgentLoading to hide this warning
WARNING: If a serviceability tool is not in use, please run with -Djdk.instrument.traceUsage for more information
WARNING: Dynamic loading of agents will be disallowed by default in a future release
]]></system-err>
  </testcase>
</testsuite>